c:\users\also1\onedrive\문서\programming_project_er\project_er\project1\x64\debug\vc143.pdb
c:\users\also1\onedrive\문서\programming_project_er\project_er\project1\x64\debug\vc143.idb
c:\users\also1\onedrive\문서\programming_project_er\project_er\project1\x64\debug\etc.obj
c:\users\also1\onedrive\문서\programming_project_er\project_er\project1\x64\debug\oneseasonviewer.obj
c:\users\also1\onedrive\문서\programming_project_er\project_er\project1\x64\debug\main.obj
c:\users\also1\onedrive\문서\programming_project_er\project_er\project1\x64\debug\cjson.obj
c:\users\also1\onedrive\문서\programming_project_er\project_er\x64\debug\project1.exe
c:\users\also1\onedrive\문서\programming_project_er\project_er\x64\debug\project1.pdb
c:\users\also1\onedrive\문서\programming_project_er\project_er\x64\debug\libcurl-d.dll
c:\users\also1\onedrive\문서\programming_project_er\project_er\x64\debug\zlibd1.dll
c:\users\also1\onedrive\문서\programming_project_er\project_er\x64\debug\project1.lib
c:\users\also1\onedrive\문서\programming_project_er\project_er\x64\debug\project1.exp
c:\users\also1\onedrive\문서\programming_project_er\project_er\project1\x64\debug\project1.ilk
c:\users\also1\onedrive\문서\programming_project_er\project_er\project1\x64\debug\curl_test.obj
c:\users\also1\onedrive\문서\programming_project_er\project_er\project1\x64\debug\project1.tlog\cl.command.1.tlog
c:\users\also1\onedrive\문서\programming_project_er\project_er\project1\x64\debug\project1.tlog\cl.items.tlog
c:\users\also1\onedrive\문서\programming_project_er\project_er\project1\x64\debug\project1.tlog\cl.read.1.tlog
c:\users\also1\onedrive\문서\programming_project_er\project_er\project1\x64\debug\project1.tlog\cl.write.1.tlog
c:\users\also1\onedrive\문서\programming_project_er\project_er\project1\x64\debug\project1.tlog\link.command.1.tlog
c:\users\also1\onedrive\문서\programming_project_er\project_er\project1\x64\debug\project1.tlog\link.read.1.tlog
c:\users\also1\onedrive\문서\programming_project_er\project_er\project1\x64\debug\project1.tlog\link.secondary.1.tlog
c:\users\also1\onedrive\문서\programming_project_er\project_er\project1\x64\debug\project1.tlog\link.write.1.tlog
c:\users\also1\onedrive\문서\programming_project_er\project_er\project1\x64\debug\project1.tlog\project1.write.1u.tlog
